<?xml version="1.0" encoding="UTF-8"?>
<!-- Generated by org.testng.reporters.JUnitReportReporter -->
<testsuite hostname="DESKTOP-5ONIJA5" failures="0" tests="1" name="testCases.Tc001AccountRegistrationTest" time="12.152" errors="0" timestamp="2025-01-07T21:13:57 IST" skipped="0">
  <testcase classname="testCases.Tc001AccountRegistrationTest" name="verify_account_registration" time="12.152"/>
</testsuite> <!-- testCases.Tc001AccountRegistrationTest -->
